[debug] [2022-07-11T17:49:48.500Z] ----------------------------------------------------------------------
[debug] [2022-07-11T17:49:48.502Z] Command:       C:\Program Files\nodejs\node.exe C:\Users\Seand\AppData\Roaming\npm\node_modules\firebase-tools\lib\bin\firebase.js init
[debug] [2022-07-11T17:49:48.503Z] CLI Version:   11.2.0
[debug] [2022-07-11T17:49:48.503Z] Platform:      win32
[debug] [2022-07-11T17:49:48.503Z] Node Version:  v16.14.0
[debug] [2022-07-11T17:49:48.504Z] Time:          Mon Jul 11 2022 13:49:48 GMT-0400 (Eastern Daylight Time)
[debug] [2022-07-11T17:49:48.505Z] ----------------------------------------------------------------------
[debug] 
[debug] [2022-07-11T17:49:48.511Z] > command requires scopes: ["email","openid","https://www.googleapis.com/auth/cloudplatformprojects.readonly","https://www.googleapis.com/auth/firebase","https://www.googleapis.com/auth/cloud-platform"]
[debug] [2022-07-11T17:49:48.511Z] > authorizing via signed-in user (duzer84@gmail.com)
[info] 
     ######## #### ########  ######## ########     ###     ######  ########
     ##        ##  ##     ## ##       ##     ##  ##   ##  ##       ##
     ######    ##  ########  ######   ########  #########  ######  ######
     ##        ##  ##    ##  ##       ##     ## ##     ##       ## ##
     ##       #### ##     ## ######## ########  ##     ##  ######  ########

You're about to initialize a Firebase project in this directory:

  C:\Users\Seand\Bootcamp\Projects\React-chat-app-WhatsApp-clone-\whazzapp

[info] 
=== Project Setup
[info] 
[info] First, let's associate this project directory with a Firebase project.
[info] You can create multiple project aliases by running firebase use --add, 
[info] but for now we'll just set up a default project.
[info] 
[debug] [2022-07-11T17:51:32.199Z] >>> [apiv2][query] GET https://firebase.googleapis.com/v1beta1/projects pageSize=100
[debug] [2022-07-11T17:51:32.676Z] <<< [apiv2][status] GET https://firebase.googleapis.com/v1beta1/projects 200
[debug] [2022-07-11T17:51:32.676Z] <<< [apiv2][body] GET https://firebase.googleapis.com/v1beta1/projects [omitted]
[info] i  Using project whazzapp-9aaa5 (Whazzapp) 
[info] 
=== Hosting Setup
[info] 
[info] Your public directory is the folder (relative to your project directory) that
[info] will contain Hosting assets to be uploaded with firebase deploy. If you
[info] have a build process for your assets, use your build's output directory.
[info] 
[debug] [2022-07-11T17:52:14.316Z] >>> [apiv2][query] GET https://www.gstatic.com/firebasejs/releases.json [none]
[debug] [2022-07-11T17:52:14.449Z] <<< [apiv2][status] GET https://www.gstatic.com/firebasejs/releases.json 200
[debug] [2022-07-11T17:52:14.449Z] <<< [apiv2][body] GET https://www.gstatic.com/firebasejs/releases.json {"current":{"version":"9.9.0","browserURL":"https://www.gstatic.com/firebasejs/9.9.0/firebase.js","packageURL":"https://www.gstatic.com/firebasejs/9.9.0/firebase.tgz"},"live":{"version":"9.9","browserURL":"https://www.gstatic.com/firebasejs/live/9.9/firebase.js","packageURL":"https://www.gstatic.com/firebasejs/live/9.9/firebase.tgz"},"components":{"analytics":"https://www.gstatic.com/firebasejs/9.9.0/firebase-analytics.js","app":"https://www.gstatic.com/firebasejs/9.9.0/firebase-app.js","app-check":"https://www.gstatic.com/firebasejs/9.9.0/firebase-app-check.js","auth":"https://www.gstatic.com/firebasejs/9.9.0/firebase-auth.js","auth/cordova":"https://www.gstatic.com/firebasejs/9.9.0/firebase-auth/cordova.js","auth/react-native":"https://www.gstatic.com/firebasejs/9.9.0/firebase-auth/react-native.js","functions":"https://www.gstatic.com/firebasejs/9.9.0/firebase-functions.js","firestore":"https://www.gstatic.com/firebasejs/9.9.0/firebase-firestore.js","firestore/lite":"https://www.gstatic.com/firebasejs/9.9.0/firebase-firestore/lite.js","installations":"https://www.gstatic.com/firebasejs/9.9.0/firebase-installations.js","storage":"https://www.gstatic.com/firebasejs/9.9.0/firebase-storage.js","performance":"https://www.gstatic.com/firebasejs/9.9.0/firebase-performance.js","remote-config":"https://www.gstatic.com/firebasejs/9.9.0/firebase-remote-config.js","messaging":"https://www.gstatic.com/firebasejs/9.9.0/firebase-messaging.js","messaging/sw":"https://www.gstatic.com/firebasejs/9.9.0/firebase-messaging/sw.js","database":"https://www.gstatic.com/firebasejs/9.9.0/firebase-database.js","firestore.memory":"https://www.gstatic.com/firebasejs/9.9.0/firebase-firestore.memory.js"}}
[info] +  Wrote build/index.html 
[info] 
[info] i  Detected a .git folder at C:\Users\Seand\Bootcamp\Projects\React-chat-app-WhatsApp-clone- 
[info] i  Authorizing with GitHub to upload your service account to a GitHub repository's secrets store. 
[info] 
[info] Visit this URL on this device to log in:
[info] https://github.com/login/oauth/authorize?client_id=89cf50f02ac6aaed3484&state=606813954&redirect_uri=http%3A%2F%2Flocalhost%3A9005&scope=read%3Auser%20repo%20public_repo
[info] 
[info] Waiting for authentication...
[debug] [2022-07-11T17:52:20.965Z] >>> [apiv2][query] POST https://github.com/login/oauth/access_token [none]
[debug] [2022-07-11T17:52:20.965Z] >>> [apiv2][body] POST https://github.com/login/oauth/access_token [stream]
[debug] [2022-07-11T17:52:21.189Z] <<< [apiv2][status] POST https://github.com/login/oauth/access_token 200
[debug] [2022-07-11T17:52:21.189Z] <<< [apiv2][body] POST https://github.com/login/oauth/access_token {"access_token":"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","token_type":"bearer","scope":"read:user,repo"}
[debug] [2022-07-11T17:52:21.251Z] >>> [apiv2][query] GET https://api.github.com/user [none]
[debug] [2022-07-11T17:52:21.470Z] <<< [apiv2][status] GET https://api.github.com/user 200
[debug] [2022-07-11T17:52:21.470Z] <<< [apiv2][body] GET https://api.github.com/user {"login":"Sean-Duiser","id":97902749,"node_id":"U_kgDOBdXgnQ","avatar_url":"https://avatars.githubusercontent.com/u/97902749?v=4","gravatar_id":"","url":"https://api.github.com/users/Sean-Duiser","html_url":"https://github.com/Sean-Duiser","followers_url":"https://api.github.com/users/Sean-Duiser/followers","following_url":"https://api.github.com/users/Sean-Duiser/following{/other_user}","gists_url":"https://api.github.com/users/Sean-Duiser/gists{/gist_id}","starred_url":"https://api.github.com/users/Sean-Duiser/starred{/owner}{/repo}","subscriptions_url":"https://api.github.com/users/Sean-Duiser/subscriptions","organizations_url":"https://api.github.com/users/Sean-Duiser/orgs","repos_url":"https://api.github.com/users/Sean-Duiser/repos","events_url":"https://api.github.com/users/Sean-Duiser/events{/privacy}","received_events_url":"https://api.github.com/users/Sean-Duiser/received_events","type":"User","site_admin":false,"name":"Sean Duiser","company":null,"blog":"https://sean-duiser.github.io/portfolio-homework/","location":null,"email":null,"hireable":null,"bio":"Full Stack Software Engineer with a background in digital marketing.\r\n\r\nhttps://www.linkedin.com/in/sean-duiser\r\n\r\nEmail - sean.duiser@gmail.com","twitter_username":null,"public_repos":22,"public_gists":1,"followers":12,"following":12,"created_at":"2022-01-17T15:52:31Z","updated_at":"2022-05-03T22:26:30Z","private_gists":0,"total_private_repos":0,"owned_private_repos":0,"disk_usage":71838,"collaborators":0,"two_factor_authentication":false,"plan":{"name":"free","space":976562499,"collaborators":0,"private_repos":10000}}
[info] 
[info] +  Success! Logged into GitHub as Sean-Duiser 
[info] 
[debug] [2022-07-11T17:52:31.158Z] >>> [apiv2][query] GET https://api.github.com/repos/n/actions/secrets/public-key type=owner
[debug] [2022-07-11T17:52:31.320Z] <<< [apiv2][status] GET https://api.github.com/repos/n/actions/secrets/public-key 404
[debug] [2022-07-11T17:52:31.320Z] <<< [apiv2][body] GET https://api.github.com/repos/n/actions/secrets/public-key {"message":"Not Found","documentation_url":"https://docs.github.com/rest"}
